<?xml version="1.0" encoding="UTF-8"?>
<coverage generated="1674855794904" clover="3.2.0">
  <project timestamp="1674855794904" name="All files">
    <metrics statements="10" coveredstatements="7" conditionals="6" coveredconditionals="4" methods="6" coveredmethods="3" elements="22" coveredelements="14" complexity="0" loc="10" ncloc="10" packages="1" files="1" classes="1"/>
    <file name="Blog.js" path="/Users/blakeahalt/Documents/GitHub/Full-Stack-Open-2022/fullstackopen/src/part5/bloglist-frontend/src/components/Blog.js">
      <metrics statements="10" coveredstatements="7" conditionals="6" coveredconditionals="4" methods="6" coveredmethods="3"/>
      <line num="4" count="1" type="stmt"/>
      <line num="5" count="6" type="stmt"/>
      <line num="7" count="6" type="stmt"/>
      <line num="8" count="3" type="cond" truecount="1" falsecount="1"/>
      <line num="12" count="6" type="stmt"/>
      <line num="20" count="6" type="stmt"/>
      <line num="25" count="0" type="stmt"/>
      <line num="32" count="2" type="stmt"/>
      <line num="35" count="0" type="cond" truecount="1" falsecount="1"/>
      <line num="37" count="0" type="stmt"/>
    </file>
  </project>
</coverage>
