{"/Users/blakeahalt/Documents/GitHub/Full-Stack-Open-2022/fullstackopen/src/part5/bloglist-frontend/src/components/Blog.js": {"path":"/Users/blakeahalt/Documents/GitHub/Full-Stack-Open-2022/fullstackopen/src/part5/bloglist-frontend/src/components/Blog.js","statementMap":{"0":{"start":{"line":4,"column":13},"end":{"line":47,"column":3}},"1":{"start":{"line":5,"column":40},"end":{"line":5,"column":54}},"2":{"start":{"line":7,"column":4},"end":{"line":9,"column":19}},"3":{"start":{"line":8,"column":6},"end":{"line":8,"column":61}},"4":{"start":{"line":12,"column":22},"end":{"line":18,"column":3}},"5":{"start":{"line":20,"column":2},"end":{"line":46,"column":3}},"6":{"start":{"line":25,"column":111},"end":{"line":25,"column":137}},"7":{"start":{"line":32,"column":78},"end":{"line":32,"column":95}},"8":{"start":{"line":35,"column":98},"end":{"line":35,"column":117}},"9":{"start":{"line":37,"column":54},"end":{"line":37,"column":80}}},"fnMap":{"0":{"name":"(anonymous_0)","decl":{"start":{"line":4,"column":13},"end":{"line":4,"column":14}},"loc":{"start":{"line":4,"column":64},"end":{"line":47,"column":3}},"line":4},"1":{"name":"(anonymous_1)","decl":{"start":{"line":7,"column":14},"end":{"line":7,"column":15}},"loc":{"start":{"line":7,"column":20},"end":{"line":9,"column":5}},"line":7},"2":{"name":"(anonymous_2)","decl":{"start":{"line":25,"column":105},"end":{"line":25,"column":106}},"loc":{"start":{"line":25,"column":111},"end":{"line":25,"column":137}},"line":25},"3":{"name":"(anonymous_3)","decl":{"start":{"line":32,"column":67},"end":{"line":32,"column":68}},"loc":{"start":{"line":32,"column":78},"end":{"line":32,"column":95}},"line":32},"4":{"name":"(anonymous_4)","decl":{"start":{"line":35,"column":87},"end":{"line":35,"column":88}},"loc":{"start":{"line":35,"column":98},"end":{"line":35,"column":117}},"line":35},"5":{"name":"(anonymous_5)","decl":{"start":{"line":37,"column":48},"end":{"line":37,"column":49}},"loc":{"start":{"line":37,"column":54},"end":{"line":37,"column":80}},"line":37}},"branchMap":{"0":{"loc":{"start":{"line":8,"column":6},"end":{"line":8,"column":60}},"type":"cond-expr","locations":[{"start":{"line":8,"column":18},"end":{"line":8,"column":37}},{"start":{"line":8,"column":40},"end":{"line":8,"column":60}}],"line":8},"1":{"loc":{"start":{"line":24,"column":3},"end":{"line":39,"column":7}},"type":"cond-expr","locations":[{"start":{"line":25,"column":2},"end":{"line":25,"column":158}},{"start":{"line":26,"column":2},"end":{"line":39,"column":7}}],"line":24},"2":{"loc":{"start":{"line":35,"column":5},"end":{"line":35,"column":141}},"type":"cond-expr","locations":[{"start":{"line":35,"column":12},"end":{"line":35,"column":134}},{"start":{"line":35,"column":137},"end":{"line":35,"column":141}}],"line":35}},"s":{"0":1,"1":6,"2":6,"3":3,"4":6,"5":6,"6":0,"7":2,"8":0,"9":0},"f":{"0":6,"1":3,"2":0,"3":2,"4":0,"5":0},"b":{"0":[0,3],"1":[3,3],"2":[0,3]},"_coverageSchema":"1a1c01bbd47fc00a2c39e90264f33305004495a9","hash":"1a03547a524c47fb3590b8edf7de6d2ca064bda9"}
}
