TN:
SF:src/components/Note.js
FN:1,(anonymous_0)
FN:9,(anonymous_1)
FNF:2
FNH:2
FNDA:4,(anonymous_0)
FNDA:1,(anonymous_1)
DA:1,1
DA:2,4
DA:4,4
DA:10,1
DA:11,1
LF:5
LH:5
BRDA:2,0,0,4
BRDA:2,0,1,0
BRF:2
BRH:1
end_of_record
TN:
SF:src/components/NoteForm.js
FN:3,(anonymous_0)
FN:6,(anonymous_1)
FN:10,(anonymous_2)
FNF:3
FNH:3
FNDA:19,(anonymous_0)
FNDA:17,(anonymous_1)
FNDA:1,(anonymous_2)
DA:3,1
DA:4,19
DA:6,19
DA:7,17
DA:10,19
DA:11,1
DA:12,1
DA:17,1
DA:20,19
LF:9
LH:9
BRF:0
BRH:0
end_of_record
TN:
SF:src/components/Togglable.js
FN:5,(anonymous_0)
FN:11,(anonymous_1)
FN:15,(anonymous_2)
FNF:3
FNH:2
FNDA:7,(anonymous_0)
FNDA:3,(anonymous_1)
FNDA:0,(anonymous_2)
DA:5,1
DA:6,7
DA:8,7
DA:9,7
DA:11,7
DA:12,3
DA:15,7
DA:16,0
DA:21,7
DA:25,7
DA:27,7
LF:11
LH:10
BRDA:8,0,0,2
BRDA:8,0,1,5
BRDA:9,1,0,2
BRDA:9,1,1,5
BRF:4
BRH:4
end_of_record
